<?xml version="1.0" encoding="UTF-8"?>
<testng-results ignored="0" total="2" passed="2" failed="0" skipped="0">
  <reporter-output>
  </reporter-output>
  <suite started-at="2021-01-19T05:40:17 EST" name="Default suite" finished-at="2021-01-19T05:40:23 EST" duration-ms="6850">
    <groups>
    </groups>
    <test started-at="2021-01-19T05:40:17 EST" name="Default test" finished-at="2021-01-19T05:40:23 EST" duration-ms="6850">
      <class name="allMethodTestNg.Explicitly_Time">
        <test-method is-config="true" signature="setUp()[pri:0, instance:allMethodTestNg.Explicitly_Time@2aa3cd93]" started-at="2021-01-19T05:40:17 EST" name="setUp" finished-at="2021-01-19T05:40:20 EST" duration-ms="3779" status="PASS">
          <reporter-output>
          </reporter-output>
        </test-method> <!-- setUp -->
        <test-method signature="doLogIn()[pri:1, instance:allMethodTestNg.Explicitly_Time@2aa3cd93]" started-at="2021-01-19T05:40:20 EST" name="doLogIn" finished-at="2021-01-19T05:40:23 EST" duration-ms="2968" status="PASS">
          <reporter-output>
          </reporter-output>
        </test-method> <!-- doLogIn -->
        <test-method signature="verifieLoginTitle()[pri:2, instance:allMethodTestNg.Explicitly_Time@2aa3cd93]" started-at="2021-01-19T05:40:23 EST" name="verifieLoginTitle" finished-at="2021-01-19T05:40:23 EST" duration-ms="8" status="PASS">
          <reporter-output>
          </reporter-output>
        </test-method> <!-- verifieLoginTitle -->
        <test-method is-config="true" signature="tearDown()[pri:0, instance:allMethodTestNg.Explicitly_Time@2aa3cd93]" started-at="2021-01-19T05:40:23 EST" name="tearDown" finished-at="2021-01-19T05:40:23 EST" duration-ms="63" status="PASS">
          <reporter-output>
          </reporter-output>
        </test-method> <!-- tearDown -->
      </class> <!-- allMethodTestNg.Explicitly_Time -->
    </test> <!-- Default test -->
  </suite> <!-- Default suite -->
</testng-results>
